<?xml version="1.0" encoding="utf-8"?>
<androidx.constraintlayout.widget.ConstraintLayout xmlns:android="http://schemas.android.com/apk/res/android"
    xmlns:app="http://schemas.android.com/apk/res-auto"
    xmlns:tools="http://schemas.android.com/tools"
    android:layout_width="match_parent"
    android:layout_height="match_parent">

    <LinearLayout
        android:id="@+id/linearLayout1"
        style="@style/parent"
        android:layout_width="wrap_content"
        android:layout_height="wrap_content"
        android:background="@drawable/login_shape_bk"
        android:orientation="vertical"
        app:layout_constraintEnd_toEndOf="parent"
        app:layout_constraintStart_toStartOf="parent"
        app:layout_constraintTop_toTopOf="parent">

        <ImageView
            android:id="@+id/imageView8"
            android:layout_width="match_parent"
            android:layout_height="wrap_content"
            app:srcCompat="@android:drawable/btn_star_big_off" />

        <ImageView
            style="@style/parent"
            android:background="@drawable/ic_login_bk"
            android:contentDescription="Background image" />

    </LinearLayout>

    <TextView
        android:id="@+id/textTestResult"
        style="@style/headerText"
        android:layout_width="wrap_content"
        android:layout_height="wrap_content"
        android:text="Test result!"
        android:textSize="40dp"
        app:layout_constraintBottom_toBottomOf="@+id/linearLayout1"
        app:layout_constraintEnd_toEndOf="@+id/linearLayout1"
        app:layout_constraintStart_toStartOf="parent"
        app:layout_constraintTop_toTopOf="@+id/linearLayout1" />

    <TextView
        android:id="@+id/textTestRes"
        style="@style/headerText"
        android:layout_width="wrap_content"
        android:layout_height="wrap_content"
        android:text="Dear friend,here you can see result! "
        android:textColor="#DDDEDF"
        app:layout_constraintBottom_toBottomOf="@+id/linearLayout1"
        app:layout_constraintEnd_toEndOf="@+id/textTestResult"
        app:layout_constraintStart_toStartOf="@+id/textTestResult"
        app:layout_constraintTop_toBottomOf="@+id/textTestResult" />

    <androidx.cardview.widget.CardView
        android:id="@+id/cardView"
        style="@style/loginCard"
        android:layout_width="357dp"
        android:layout_height="497dp"
        android:layout_marginStart="16dp"
        android:layout_marginTop="-24dp"
        android:layout_marginEnd="16dp"
        android:layout_marginBottom="16dp"
        android:background="@color/whiteCardColor"
        android:elevation="5dp"
        app:cardCornerRadius="@dimen/loginCardRadius"
        app:layout_constraintBottom_toBottomOf="parent"
        app:layout_constraintEnd_toEndOf="parent"
        app:layout_constraintStart_toStartOf="parent"
        app:layout_constraintTop_toBottomOf="@+id/linearLayout1">

        <TextView
            android:id="@+id/textView3"
            android:layout_width="140dp"
            android:layout_height="wrap_content"
            android:text="57%"
            android:textSize="50dp" />

        <Button
            android:id="@+id/BtnBacktoStartActivity1"
            android:layout_width="match_parent"
            android:layout_height="60dp"
            android:layout_gravity="bottom|center"
            android:layout_margin="10dp"
            android:backgroundTint="@color/primaryTextColor"
            android:onClick="RedirectToStartActivity1"
            android:text="Back to Account"
            android:textColor="@color/white"
            android:textSize="18sp"
            android:textStyle="bold" />

        <androidx.constraintlayout.widget.ConstraintLayout
            android:id="@+id/TestResultForAllCategories"
            android:layout_width="match_parent"
            android:layout_height="566dp">

        </androidx.constraintlayout.widget.ConstraintLayout>


    </androidx.cardview.widget.CardView>


</androidx.constraintlayout.widget.ConstraintLayout>